<?xml version="1.0" encoding="UTF-8"?>
<!-- Generated by org.testng.reporters.JUnitReportReporter -->
<testsuite hostname="DESKTOP-ENLP2KH" failures="0" tests="4" name="firstAutomationProject.MyTestCase" time="0.477" errors="0" timestamp="2023-12-07T18:16:23 EET" skipped="0">
  <testcase classname="firstAutomationProject.MyTestCase" name="NumberTest" time="0.063"/>
  <system-out/>
  <testcase classname="firstAutomationProject.MyTestCase" name="langugeTest" time="0.067"/>
  <system-out/>
  <testcase classname="firstAutomationProject.MyTestCase" name="timeTest" time="0.300"/>
  <system-out/>
  <testcase classname="firstAutomationProject.MyTestCase" name="currencyTest" time="0.047"/>
  <system-out/>
</testsuite> <!-- firstAutomationProject.MyTestCase -->
